Startpoint: io_in[28] (input port clocked by wb_clk_i)
Endpoint: _52197_ (rising edge-triggered flip-flop clocked by wb_clk_i)
Path Group: wb_clk_i
Path Type: max

  Delay    Time   Description
---------------------------------------------------------
   0.00    0.00   clock wb_clk_i (rise edge)
   0.00    0.00   clock network delay (ideal)
   4.00    4.00 v input external delay
   0.02    4.02 v io_in[28] (in)
   0.80    4.82 v _24699_/X (sky130_fd_sc_hd__or3_4)
   0.47    5.30 v _24700_/X (sky130_fd_sc_hd__or2_4)
   0.33    5.62 v _24701_/X (sky130_fd_sc_hd__buf_2)
   1.11    6.73 v _26057_/X (sky130_fd_sc_hd__or4_4)
   0.52    7.25 v _26058_/X (sky130_fd_sc_hd__or2_4)
   0.49    7.74 v _26059_/X (sky130_fd_sc_hd__or2_4)
   0.49    8.23 v _26060_/X (sky130_fd_sc_hd__or2_4)
   0.49    8.72 v _26061_/X (sky130_fd_sc_hd__or2_4)
   0.51    9.23 v _26062_/X (sky130_fd_sc_hd__or2_4)
   0.94   10.17 v _26063_/X (sky130_fd_sc_hd__or4_4)
   0.75   10.92 v _26064_/X (sky130_fd_sc_hd__or3_4)
   0.89   11.81 v _26065_/X (sky130_fd_sc_hd__or4_4)
   0.50   12.31 v _26066_/X (sky130_fd_sc_hd__or2_4)
   0.19   12.50 ^ _26067_/Y (sky130_fd_sc_hd__nor2_4)
   0.35   12.85 ^ _26068_/X (sky130_fd_sc_hd__and2_4)
   0.31   13.16 ^ _26069_/X (sky130_fd_sc_hd__and2_4)
   0.32   13.48 ^ _26070_/X (sky130_fd_sc_hd__and2_4)
   0.31   13.79 ^ _26071_/X (sky130_fd_sc_hd__and2_4)
   0.34   14.13 ^ _26072_/X (sky130_fd_sc_hd__and2_4)
   0.21   14.34 ^ _26073_/X (sky130_fd_sc_hd__or2_4)
   0.35   14.69 ^ _26075_/X (sky130_fd_sc_hd__and3_4)
   0.00   14.69 ^ _52197_/D (sky130_fd_sc_hd__dfxtp_4)
          14.69   data arrival time

  20.00   20.00   clock wb_clk_i (rise edge)
   0.00   20.00   clock network delay (ideal)
   0.00   20.00   clock reconvergence pessimism
          20.00 ^ _52197_/CLK (sky130_fd_sc_hd__dfxtp_4)
  -0.15   19.85   library setup time
          19.85   data required time
---------------------------------------------------------
          19.85   data required time
         -14.69   data arrival time
---------------------------------------------------------
           5.15   slack (MET)


