Startpoint: _52163_ (rising edge-triggered flip-flop clocked by wb_clk_i)
Endpoint: _49392_ (rising edge-triggered flip-flop clocked by wb_clk_i)
Path Group: wb_clk_i
Path Type: min

  Delay    Time   Description
---------------------------------------------------------
   0.00    0.00   clock wb_clk_i (rise edge)
   0.00    0.00   clock network delay (ideal)
   0.00    0.00 ^ _52163_/CLK (sky130_fd_sc_hd__dfxtp_4)
   0.22    0.22 ^ _52163_/Q (sky130_fd_sc_hd__dfxtp_4)
   0.02    0.25 v _25743_/Y (sky130_fd_sc_hd__nor2_4)
   0.00    0.25 v _49392_/D (sky130_fd_sc_hd__dfxtp_4)
           0.25   data arrival time

   0.00    0.00   clock wb_clk_i (rise edge)
   0.00    0.00   clock network delay (ideal)
   0.00    0.00   clock reconvergence pessimism
           0.00 ^ _49392_/CLK (sky130_fd_sc_hd__dfxtp_4)
  -0.03   -0.03   library hold time
          -0.03   data required time
---------------------------------------------------------
          -0.03   data required time
          -0.25   data arrival time
---------------------------------------------------------
           0.28   slack (MET)


Startpoint: io_in[28] (input port clocked by wb_clk_i)
Endpoint: _52197_ (rising edge-triggered flip-flop clocked by wb_clk_i)
Path Group: wb_clk_i
Path Type: max

  Delay    Time   Description
---------------------------------------------------------
   0.00    0.00   clock wb_clk_i (rise edge)
   0.00    0.00   clock network delay (ideal)
   4.00    4.00 v input external delay
   0.00    4.00 v io_in[28] (in)
   0.79    4.79 v _24699_/X (sky130_fd_sc_hd__or3_4)
   0.46    5.25 v _24700_/X (sky130_fd_sc_hd__or2_4)
   0.33    5.58 v _24701_/X (sky130_fd_sc_hd__buf_2)
   1.10    6.68 v _26057_/X (sky130_fd_sc_hd__or4_4)
   0.52    7.20 v _26058_/X (sky130_fd_sc_hd__or2_4)
   0.49    7.69 v _26059_/X (sky130_fd_sc_hd__or2_4)
   0.48    8.18 v _26060_/X (sky130_fd_sc_hd__or2_4)
   0.49    8.67 v _26061_/X (sky130_fd_sc_hd__or2_4)
   0.51    9.17 v _26062_/X (sky130_fd_sc_hd__or2_4)
   0.94   10.11 v _26063_/X (sky130_fd_sc_hd__or4_4)
   0.75   10.85 v _26064_/X (sky130_fd_sc_hd__or3_4)
   0.89   11.75 v _26065_/X (sky130_fd_sc_hd__or4_4)
   0.50   12.25 v _26066_/X (sky130_fd_sc_hd__or2_4)
   0.19   12.44 ^ _26067_/Y (sky130_fd_sc_hd__nor2_4)
   0.34   12.78 ^ _26068_/X (sky130_fd_sc_hd__and2_4)
   0.31   13.10 ^ _26069_/X (sky130_fd_sc_hd__and2_4)
   0.31   13.41 ^ _26070_/X (sky130_fd_sc_hd__and2_4)
   0.31   13.73 ^ _26071_/X (sky130_fd_sc_hd__and2_4)
   0.34   14.07 ^ _26072_/X (sky130_fd_sc_hd__and2_4)
   0.20   14.27 ^ _26073_/X (sky130_fd_sc_hd__or2_4)
   0.35   14.62 ^ _26075_/X (sky130_fd_sc_hd__and3_4)
   0.00   14.62 ^ _52197_/D (sky130_fd_sc_hd__dfxtp_4)
          14.62   data arrival time

  20.00   20.00   clock wb_clk_i (rise edge)
   0.00   20.00   clock network delay (ideal)
   0.00   20.00   clock reconvergence pessimism
          20.00 ^ _52197_/CLK (sky130_fd_sc_hd__dfxtp_4)
  -0.15   19.85   library setup time
          19.85   data required time
---------------------------------------------------------
          19.85   data required time
         -14.62   data arrival time
---------------------------------------------------------
           5.23   slack (MET)


