Startpoint: wbs_adr_i[21] (input port clocked by wb_clk_i)
Endpoint: _42304_ (rising edge-triggered flip-flop clocked by wb_clk_i)
Path Group: wb_clk_i
Path Type: max

  Delay    Time   Description
---------------------------------------------------------
   0.00    0.00   clock wb_clk_i (rise edge)
   0.00    0.00   clock network delay (ideal)
   4.00    4.00 v input external delay
   0.00    4.00 v wbs_adr_i[21] (in)
   1.01    5.02 v _19709_/X (sky130_fd_sc_hd__or4_4)
   1.05    6.06 v _19711_/X (sky130_fd_sc_hd__or4_4)
   0.98    7.04 v _19712_/X (sky130_fd_sc_hd__or4_4)
   1.04    8.08 v _19713_/X (sky130_fd_sc_hd__or4_4)
   0.87    8.96 v _19714_/X (sky130_fd_sc_hd__or4_4)
   0.58    9.53 v _19715_/X (sky130_fd_sc_hd__buf_2)
   0.39    9.92 ^ _19716_/Y (sky130_fd_sc_hd__inv_2)
   0.27   10.19 ^ _19717_/X (sky130_fd_sc_hd__or2_4)
   0.69   10.88 ^ _19718_/X (sky130_fd_sc_hd__buf_2)
   0.79   11.67 ^ _20246_/X (sky130_fd_sc_hd__and3_4)
   0.30   11.97 ^ _20247_/X (sky130_fd_sc_hd__or2_4)
   0.34   12.31 ^ _20248_/X (sky130_fd_sc_hd__buf_2)
   0.50   12.81 ^ _20303_/X (sky130_fd_sc_hd__buf_2)
   0.51   13.31 ^ _20328_/X (sky130_fd_sc_hd__buf_2)
   0.33   13.65 ^ _20335_/X (sky130_fd_sc_hd__o22a_4)
   0.00   13.65 ^ _42304_/D (sky130_fd_sc_hd__dfxtp_4)
          13.65   data arrival time

  20.00   20.00   clock wb_clk_i (rise edge)
   0.00   20.00   clock network delay (ideal)
   0.00   20.00   clock reconvergence pessimism
          20.00 ^ _42304_/CLK (sky130_fd_sc_hd__dfxtp_4)
  -0.15   19.85   library setup time
          19.85   data required time
---------------------------------------------------------
          19.85   data required time
         -13.65   data arrival time
---------------------------------------------------------
           6.20   slack (MET)


