Startpoint: _51945_ (rising edge-triggered flip-flop clocked by wb_clk_i)
Endpoint: _51945_ (rising edge-triggered flip-flop clocked by wb_clk_i)
Path Group: wb_clk_i
Path Type: min

  Delay    Time   Description
---------------------------------------------------------
   0.00    0.00   clock wb_clk_i (rise edge)
   0.00    0.00   clock network delay (ideal)
   0.00    0.00 ^ _51945_/CLK (sky130_fd_sc_hd__dfxtp_4)
   0.19    0.19 ^ _51945_/Q (sky130_fd_sc_hd__dfxtp_4)
   0.05    0.24 ^ _28978_/X (sky130_fd_sc_hd__o22a_4)
   0.00    0.24 ^ _51945_/D (sky130_fd_sc_hd__dfxtp_4)
           0.24   data arrival time

   0.00    0.00   clock wb_clk_i (rise edge)
   0.00    0.00   clock network delay (ideal)
   0.00    0.00   clock reconvergence pessimism
           0.00 ^ _51945_/CLK (sky130_fd_sc_hd__dfxtp_4)
  -0.02   -0.02   library hold time
          -0.02   data required time
---------------------------------------------------------
          -0.02   data required time
          -0.24   data arrival time
---------------------------------------------------------
           0.26   slack (MET)


Startpoint: io_in[28] (input port clocked by wb_clk_i)
Endpoint: _52197_ (rising edge-triggered flip-flop clocked by wb_clk_i)
Path Group: wb_clk_i
Path Type: max

  Delay    Time   Description
---------------------------------------------------------
   0.00    0.00   clock wb_clk_i (rise edge)
   0.00    0.00   clock network delay (ideal)
   4.00    4.00 v input external delay
   0.00    4.00 v io_in[28] (in)
   0.78    4.78 v _24699_/X (sky130_fd_sc_hd__or3_4)
   0.46    5.24 v _24700_/X (sky130_fd_sc_hd__or2_4)
   0.33    5.57 v _24701_/X (sky130_fd_sc_hd__buf_2)
   1.11    6.68 v _26057_/X (sky130_fd_sc_hd__or4_4)
   0.49    7.17 v _26058_/X (sky130_fd_sc_hd__or2_4)
   0.47    7.65 v _26059_/X (sky130_fd_sc_hd__or2_4)
   0.42    8.06 v _26060_/X (sky130_fd_sc_hd__or2_4)
   0.46    8.52 v _26061_/X (sky130_fd_sc_hd__or2_4)
   0.49    9.02 v _26062_/X (sky130_fd_sc_hd__or2_4)
   0.83    9.85 v _26063_/X (sky130_fd_sc_hd__or4_4)
   0.73   10.58 v _26064_/X (sky130_fd_sc_hd__or3_4)
   0.90   11.47 v _26065_/X (sky130_fd_sc_hd__or4_4)
   0.50   11.97 v _26066_/X (sky130_fd_sc_hd__or2_4)
   0.18   12.16 ^ _26067_/Y (sky130_fd_sc_hd__nor2_4)
   0.33   12.49 ^ _26068_/X (sky130_fd_sc_hd__and2_4)
   0.30   12.79 ^ _26069_/X (sky130_fd_sc_hd__and2_4)
   0.31   13.10 ^ _26070_/X (sky130_fd_sc_hd__and2_4)
   0.29   13.39 ^ _26071_/X (sky130_fd_sc_hd__and2_4)
   0.33   13.72 ^ _26072_/X (sky130_fd_sc_hd__and2_4)
   0.21   13.93 ^ _26073_/X (sky130_fd_sc_hd__or2_4)
   0.35   14.29 ^ _26075_/X (sky130_fd_sc_hd__and3_4)
   0.00   14.29 ^ _52197_/D (sky130_fd_sc_hd__dfxtp_4)
          14.29   data arrival time

  20.00   20.00   clock wb_clk_i (rise edge)
   0.00   20.00   clock network delay (ideal)
   0.00   20.00   clock reconvergence pessimism
          20.00 ^ _52197_/CLK (sky130_fd_sc_hd__dfxtp_4)
  -0.15   19.85   library setup time
          19.85   data required time
---------------------------------------------------------
          19.85   data required time
         -14.29   data arrival time
---------------------------------------------------------
           5.56   slack (MET)


