Startpoint: _52250_ (rising edge-triggered flip-flop clocked by wb_clk_i)
Endpoint: _52250_ (rising edge-triggered flip-flop clocked by wb_clk_i)
Path Group: wb_clk_i
Path Type: min

  Delay    Time   Description
---------------------------------------------------------
   0.00    0.00   clock wb_clk_i (rise edge)
   0.00    0.00   clock network delay (ideal)
   0.00    0.00 ^ _52250_/CLK (sky130_fd_sc_hd__dfxtp_4)
   0.23    0.23 ^ _52250_/Q (sky130_fd_sc_hd__dfxtp_4)
   0.07    0.30 ^ _25782_/X (sky130_fd_sc_hd__a211o_4)
   0.00    0.30 ^ _52250_/D (sky130_fd_sc_hd__dfxtp_4)
           0.30   data arrival time

   0.00    0.00   clock wb_clk_i (rise edge)
   0.00    0.00   clock network delay (ideal)
   0.00    0.00   clock reconvergence pessimism
           0.00 ^ _52250_/CLK (sky130_fd_sc_hd__dfxtp_4)
  -0.01   -0.01   library hold time
          -0.01   data required time
---------------------------------------------------------
          -0.01   data required time
          -0.30   data arrival time
---------------------------------------------------------
           0.31   slack (MET)


Startpoint: _52375_ (rising edge-triggered flip-flop clocked by wb_clk_i)
Endpoint: _52197_ (rising edge-triggered flip-flop clocked by wb_clk_i)
Path Group: wb_clk_i
Path Type: max

  Delay    Time   Description
---------------------------------------------------------
   0.00    0.00   clock wb_clk_i (rise edge)
   0.00    0.00   clock network delay (ideal)
   0.00    0.00 ^ _52375_/CLK (sky130_fd_sc_hd__dfxtp_4)
   0.99    0.99 ^ _52375_/Q (sky130_fd_sc_hd__dfxtp_4)
   0.10    1.09 v _24582_/Y (sky130_fd_sc_hd__inv_2)
   0.76    1.85 v _24596_/X (sky130_fd_sc_hd__or3_4)
   0.58    2.44 v _24598_/X (sky130_fd_sc_hd__a211o_4)
   0.33    2.77 v _24599_/X (sky130_fd_sc_hd__and3_4)
   0.35    3.12 v _24601_/X (sky130_fd_sc_hd__o21a_4)
   0.82    3.94 v _24602_/X (sky130_fd_sc_hd__or4_4)
   0.44    4.38 v _24603_/X (sky130_fd_sc_hd__and3_4)
   0.79    5.17 v _24699_/X (sky130_fd_sc_hd__or3_4)
   0.47    5.64 v _24700_/X (sky130_fd_sc_hd__or2_4)
   0.35    5.99 v _24701_/X (sky130_fd_sc_hd__buf_2)
   1.14    7.12 v _26057_/X (sky130_fd_sc_hd__or4_4)
   0.53    7.65 v _26058_/X (sky130_fd_sc_hd__or2_4)
   0.51    8.16 v _26059_/X (sky130_fd_sc_hd__or2_4)
   0.50    8.66 v _26060_/X (sky130_fd_sc_hd__or2_4)
   0.50    9.15 v _26061_/X (sky130_fd_sc_hd__or2_4)
   0.51    9.66 v _26062_/X (sky130_fd_sc_hd__or2_4)
   0.95   10.61 v _26063_/X (sky130_fd_sc_hd__or4_4)
   0.76   11.37 v _26064_/X (sky130_fd_sc_hd__or3_4)
   0.90   12.27 v _26065_/X (sky130_fd_sc_hd__or4_4)
   0.51   12.78 v _26066_/X (sky130_fd_sc_hd__or2_4)
   0.23   13.01 ^ _26067_/Y (sky130_fd_sc_hd__nor2_4)
   0.37   13.38 ^ _26068_/X (sky130_fd_sc_hd__and2_4)
   0.33   13.71 ^ _26069_/X (sky130_fd_sc_hd__and2_4)
   0.33   14.03 ^ _26070_/X (sky130_fd_sc_hd__and2_4)
   0.32   14.35 ^ _26071_/X (sky130_fd_sc_hd__and2_4)
   0.35   14.70 ^ _26072_/X (sky130_fd_sc_hd__and2_4)
   0.21   14.91 ^ _26073_/X (sky130_fd_sc_hd__or2_4)
   0.36   15.27 ^ _26075_/X (sky130_fd_sc_hd__and3_4)
   0.00   15.27 ^ _52197_/D (sky130_fd_sc_hd__dfxtp_4)
          15.27   data arrival time

  20.00   20.00   clock wb_clk_i (rise edge)
   0.00   20.00   clock network delay (ideal)
   0.00   20.00   clock reconvergence pessimism
          20.00 ^ _52197_/CLK (sky130_fd_sc_hd__dfxtp_4)
  -0.04   19.96   library setup time
          19.96   data required time
---------------------------------------------------------
          19.96   data required time
         -15.27   data arrival time
---------------------------------------------------------
           4.69   slack (MET)


